d:\project\vsproject\opengldemo\opengldemo\x64\debug\vc143.pdb
d:\project\vsproject\opengldemo\opengldemo\x64\debug\vc143.idb
d:\project\vsproject\opengldemo\opengldemo\x64\debug\test.obj
d:\project\vsproject\opengldemo\opengldemo\x64\debug\stb_image.obj
d:\project\vsproject\opengldemo\opengldemo\x64\debug\normallight.obj
d:\project\vsproject\opengldemo\opengldemo\x64\debug\materialsdemo.obj
d:\project\vsproject\opengldemo\x64\debug\opengldemo.exe
d:\project\vsproject\opengldemo\opengldemo\x64\debug\opengldemo.ilk
d:\project\vsproject\opengldemo\x64\debug\opengldemo.pdb
d:\project\vsproject\opengldemo\opengldemo\x64\debug\opengldemo.tlog\cl.command.1.tlog
d:\project\vsproject\opengldemo\opengldemo\x64\debug\opengldemo.tlog\cl.items.tlog
d:\project\vsproject\opengldemo\opengldemo\x64\debug\opengldemo.tlog\cl.read.1.tlog
d:\project\vsproject\opengldemo\opengldemo\x64\debug\opengldemo.tlog\cl.write.1.tlog
d:\project\vsproject\opengldemo\opengldemo\x64\debug\opengldemo.tlog\link-cvtres.read.1.tlog
d:\project\vsproject\opengldemo\opengldemo\x64\debug\opengldemo.tlog\link-cvtres.write.1.tlog
d:\project\vsproject\opengldemo\opengldemo\x64\debug\opengldemo.tlog\link-rc.read.1.tlog
d:\project\vsproject\opengldemo\opengldemo\x64\debug\opengldemo.tlog\link-rc.write.1.tlog
d:\project\vsproject\opengldemo\opengldemo\x64\debug\opengldemo.tlog\link.23520-cvtres.read.1.tlog
d:\project\vsproject\opengldemo\opengldemo\x64\debug\opengldemo.tlog\link.23520-cvtres.write.1.tlog
d:\project\vsproject\opengldemo\opengldemo\x64\debug\opengldemo.tlog\link.23520-rc.read.1.tlog
d:\project\vsproject\opengldemo\opengldemo\x64\debug\opengldemo.tlog\link.23520-rc.write.1.tlog
d:\project\vsproject\opengldemo\opengldemo\x64\debug\opengldemo.tlog\link.23520.read.1.tlog
d:\project\vsproject\opengldemo\opengldemo\x64\debug\opengldemo.tlog\link.23520.read.2.tlog
d:\project\vsproject\opengldemo\opengldemo\x64\debug\opengldemo.tlog\link.23520.read.3.tlog
d:\project\vsproject\opengldemo\opengldemo\x64\debug\opengldemo.tlog\link.23520.read.4.tlog
d:\project\vsproject\opengldemo\opengldemo\x64\debug\opengldemo.tlog\link.23520.write.1.tlog
d:\project\vsproject\opengldemo\opengldemo\x64\debug\opengldemo.tlog\link.command.1.tlog
d:\project\vsproject\opengldemo\opengldemo\x64\debug\opengldemo.tlog\link.read.1.tlog
d:\project\vsproject\opengldemo\opengldemo\x64\debug\opengldemo.tlog\link.read.2.tlog
d:\project\vsproject\opengldemo\opengldemo\x64\debug\opengldemo.tlog\link.read.3.tlog
d:\project\vsproject\opengldemo\opengldemo\x64\debug\opengldemo.tlog\link.read.4.tlog
d:\project\vsproject\opengldemo\opengldemo\x64\debug\opengldemo.tlog\link.write.1.tlog
